
**** 05/07/20 21:24:40 *********** Evaluation PSpice (Nov 1999) **************

 * C:\Users\ushio\OneDrive\study\uol\ELEC271\ex5\part1\part1B.sch


 ****     CIRCUIT DESCRIPTION


******************************************************************************




* Schematics Version 9.1 - Web Update 1
* Tue May 05 18:17:21 2020



** Analysis setup **
.DC LIN V_Vce 0 -20 -.5 
+ LIN I_Ib 0 -40e-6 -4e-6 
.OP 


* From [PSPICE NETLIST] section of pspiceev.ini:
.lib "nom.lib"

.INC "part1B.net"

**** INCLUDING part1B.net ****
* Schematics Netlist *



I_Ib         0 $N_0001 DC 0A  
V_Vce         $N_0002 0   
Q_Q2         $N_0002 $N_0001 0 Q2N2907A

**** RESUMING part1B.cir ****
.INC "part1B.als"



**** INCLUDING part1B.als ****
* Schematics Aliases *

.ALIASES
I_Ib            Ib(+=0 -=$N_0001 )
V_Vce           Vce(+=$N_0002 -=0 )
Q_Q2            Q2(c=$N_0002 b=$N_0001 e=0 )
.ENDALIASES


**** RESUMING part1B.cir ****
.probe


.END

**** 05/07/20 21:24:40 *********** Evaluation PSpice (Nov 1999) **************

 * C:\Users\ushio\OneDrive\study\uol\ELEC271\ex5\part1\part1B.sch


 ****     BJT MODEL PARAMETERS


******************************************************************************




               Q2N2907A        
               PNP             
          IS  650.600000E-18 
          BF  231.7          
          NF    1            
         VAF  115.7          
         IKF    1.079        
         ISE   54.810000E-15 
          NE    1.829        
          BR    3.563        
          NR    1            
          RB   10            
          RC     .715        
         CJE   19.820000E-12 
         MJE     .3357       
         CJC   14.760000E-12 
         MJC     .5383       
          TF  603.700000E-12 
         XTF    1.7          
         VTF    5            
         ITF     .65         
          TR  111.300000E-09 
         XTB    1.5          
          CN    2.2          
           D     .52         


**** 05/07/20 21:24:40 *********** Evaluation PSpice (Nov 1999) **************

 * C:\Users\ushio\OneDrive\study\uol\ELEC271\ex5\part1\part1B.sch


 ****     SMALL SIGNAL BIAS SOLUTION       TEMPERATURE =   27.000 DEG C


******************************************************************************



 NODE   VOLTAGE     NODE   VOLTAGE     NODE   VOLTAGE     NODE   VOLTAGE


($N_0001)-981.0E-18                   ($N_0002)    0.0000                   




    VOLTAGE SOURCE CURRENTS
    NAME         CURRENT

    V_Vce       -2.558E-28

    TOTAL POWER DISSIPATION   0.00E+00  WATTS


**** 05/07/20 21:24:40 *********** Evaluation PSpice (Nov 1999) **************

 * C:\Users\ushio\OneDrive\study\uol\ELEC271\ex5\part1\part1B.sch


 ****     OPERATING POINT INFORMATION      TEMPERATURE =   27.000 DEG C


******************************************************************************






**** BIPOLAR JUNCTION TRANSISTORS


NAME         Q_Q2      
MODEL        Q2N2907A  
IB          -1.42E-27 
IC           2.82E-28 
VBE         -9.81E-16 
VBC         -9.81E-16 
VCE          0.00E+00 
BETADC      -2.82E-08 
GM           0.00E+00 
RPI          8.60E+11 
RX           1.00E+01 
RO           9.75E+11 
CBE          1.98E-11 
CBC          1.48E-11 
CJS          0.00E+00 
BETAAC       0.00E+00 
CBX/CBX2     0.00E+00 
FT/FT2       0.00E+00 



          JOB CONCLUDED

          TOTAL JOB TIME             .03
